[29.04.2015 15:08:54,674] [main] INFO  org.jgap.gp.impl.GPGenotype  - Evolving generation 1049, memory free: 210.7 MB
[29.04.2015 15:08:54,678] [main] INFO  org.jgap.gp.impl.GPGenotype  - Evolving generation 1050, memory free: 209.8 MB
[29.04.2015 15:08:54,682] [main] INFO  org.jgap.gp.impl.GPGenotype  - Best solution fitness: 13.97
[29.04.2015 15:08:54,682] [main] INFO  org.jgap.gp.impl.GPGenotype  - Best solution: (((((((log 4.509529) ^ (X * X)) + (((log 4.509529) ^ (((log 4.509529) + (((log 4.509529) + ((X * X) - X)) - X)) + (((X + ((X + ((X - X) - X)) / 4.420799)) / 4.420799) - X))) + 3.822222)) / 2.6313012) / 3.822222) + ((X * ((((((X * X) - X) - X) + ((X * X) + ((5.2610817 / 4.4030757) - X))) / 4.420799) * X)) - X)) + (X * X)) + ((5.2610817 / 4.4030757) / 3.822222)
[29.04.2015 15:08:54,682] [main] INFO  org.jgap.gp.impl.GPGenotype  - Depth of chrom: 16
[29.04.2015 15:08:54,682] [main] INFO  org.jgap.gp.impl.GPGenotype  - Evolving generation 1051, memory free: 208.0 MB
[29.04.2015 15:08:54,686] [main] INFO  org.jgap.gp.impl.GPGenotype  - Evolving generation 1052, memory free: 206.2 MB
[29.04.2015 15:08:54,690] [main] INFO  org.jgap.gp.impl.GPGenotype  - Evolving generation 1053, memory free: 205.3 MB
[29.04.2015 15:08:54,695] [main] INFO  org.jgap.gp.impl.GPGenotype  - Evolving generation 1054, memory free: 203.5 MB
[29.04.2015 15:08:54,697] [main] INFO  org.jgap.gp.impl.GPGenotype  - Evolving generation 1055, memory free: 201.8 MB
[29.04.2015 15:08:54,701] [main] INFO  org.jgap.gp.impl.GPGenotype  - Evolving generation 1056, memory free: 200.9 MB
[29.04.2015 15:08:54,705] [main] INFO  org.jgap.gp.impl.GPGenotype  - Evolving generation 1057, memory free: 199.1 MB
[29.04.2015 15:08:54,708] [main] INFO  org.jgap.gp.impl.GPGenotype  - Evolving generation 1058, memory free: 197.3 MB
[29.04.2015 15:08:54,712] [main] INFO  org.jgap.gp.impl.GPGenotype  - Evolving generation 1059, memory free: 197.3 MB
[29.04.2015 15:08:54,716] [main] INFO  org.jgap.gp.impl.GPGenotype  - Evolving generation 1060, memory free: 194.6 MB
[29.04.2015 15:08:54,720] [main] INFO  org.jgap.gp.impl.GPGenotype  - Best solution fitness: 13.62
[29.04.2015 15:08:54,720] [main] INFO  org.jgap.gp.impl.GPGenotype  - Best solution: (((((((log 4.509529) ^ (X * X)) + (((log 4.509529) ^ ((X * X) - X)) + 3.822222)) / 2.6313012) / 3.822222) + ((X * ((((((((log 4.509529) + ((X * X) - X)) - X) - X) - X) + (((((((X * X) - X) - X) + (log 4.509529)) - X) + ((X * X) + (X - X))) + (5.2610817 / 4.4030757))) / 4.420799) * X)) - X)) + (X * X)) + ((5.2610817 / 4.4030757) / 3.822222)
[29.04.2015 15:08:54,720] [main] INFO  org.jgap.gp.impl.GPGenotype  - Depth of chrom: 15
[29.04.2015 15:08:54,720] [main] INFO  org.jgap.gp.impl.GPGenotype  - Evolving generation 1061, memory free: 192.9 MB
[29.04.2015 15:08:54,723] [main] INFO  org.jgap.gp.impl.GPGenotype  - Evolving generation 1062, memory free: 192.0 MB
[29.04.2015 15:08:54,726] [main] INFO  org.jgap.gp.impl.GPGenotype  - Evolving generation 1063, memory free: 191.1 MB
[29.04.2015 15:08:54,730] [main] INFO  org.jgap.gp.impl.GPGenotype  - Evolving generation 1064, memory free: 190.2 MB
[29.04.2015 15:08:54,734] [main] INFO  org.jgap.gp.impl.GPGenotype  - Evolving generation 1065, memory free: 189.3 MB
[29.04.2015 15:08:54,738] [main] INFO  org.jgap.gp.impl.GPGenotype  - Evolving generation 1066, memory free: 187.5 MB
[29.04.2015 15:08:54,740] [main] INFO  org.jgap.gp.impl.GPGenotype  - Best solution fitness: 10.71
[29.04.2015 15:08:54,740] [main] INFO  org.jgap.gp.impl.GPGenotype  - Best solution: (((((log 4.509529) ^ (X * X)) / 3.822222) + ((X * ((((((((log 4.509529) + ((X * X) - X)) - X) - X) - X) + (((((((X * X) - X) - X) + (log 4.509529)) - X) + ((X * X) + (X - X))) + (5.2610817 / 4.4030757))) / 4.420799) * X)) - X)) + (X * X)) + ((5.2610817 / 4.4030757) / 3.822222)
[29.04.2015 15:08:54,740] [main] INFO  org.jgap.gp.impl.GPGenotype  - Depth of chrom: 15
[29.04.2015 15:08:54,740] [main] INFO  org.jgap.gp.impl.GPGenotype  - Evolving generation 1067, memory free: 185.7 MB
[29.04.2015 15:08:54,743] [main] INFO  org.jgap.gp.impl.GPGenotype  - Evolving generation 1068, memory free: 184.9 MB
[29.04.2015 15:08:54,747] [main] INFO  org.jgap.gp.impl.GPGenotype  - Evolving generation 1069, memory free: 184.0 MB
[29.04.2015 15:08:54,751] [main] INFO  org.jgap.gp.impl.GPGenotype  - Evolving generation 1070, memory free: 182.2 MB
[29.04.2015 15:08:54,754] [main] INFO  org.jgap.gp.impl.GPGenotype  - Evolving generation 1071, memory free: 181.3 MB
[29.04.2015 15:08:54,758] [main] INFO  org.jgap.gp.impl.GPGenotype  - Evolving generation 1072, memory free: 179.5 MB
[29.04.2015 15:08:54,761] [main] INFO  org.jgap.gp.impl.GPGenotype  - Evolving generation 1073, memory free: 178.6 MB
[29.04.2015 15:08:54,765] [main] INFO  org.jgap.gp.impl.GPGenotype  - Evolving generation 1074, memory free: 177.7 MB
[29.04.2015 15:08:54,768] [main] INFO  org.jgap.gp.impl.GPGenotype  - Evolving generation 1075, memory free: 177.7 MB
[29.04.2015 15:08:54,772] [main] INFO  org.jgap.gp.impl.GPGenotype  - Evolving generation 1076, memory free: 176.0 MB
[29.04.2015 15:08:54,775] [main] INFO  org.jgap.gp.impl.GPGenotype  - Best solution fitness: 10.67
[29.04.2015 15:08:54,776] [main] INFO  org.jgap.gp.impl.GPGenotype  - Best solution: (((((log 4.509529) ^ (X * X)) / 3.822222) + ((X * ((((((((log 4.509529) + ((X * X) - X)) - X) - X) - (X + ((log 4.509529) - X))) + (((((((X * X) - X) - X) + (log 4.509529)) - X) + ((X * X) + ((5.2610817 / 4.4030757) - X))) + (5.2610817 / 4.4030757))) / 4.420799) * X)) - X)) + (X * X)) + ((5.2610817 / 4.4030757) / 3.822222)
[29.04.2015 15:08:54,776] [main] INFO  org.jgap.gp.impl.GPGenotype  - Depth of chrom: 15
[29.04.2015 15:08:54,776] [main] INFO  org.jgap.gp.impl.GPGenotype  - Evolving generation 1077, memory free: 175.1 MB
[29.04.2015 15:08:54,779] [main] INFO  org.jgap.gp.impl.GPGenotype  - Evolving generation 1078, memory free: 174.2 MB
[29.04.2015 15:08:54,782] [main] INFO  org.jgap.gp.impl.GPGenotype  - Evolving generation 1079, memory free: 173.3 MB
[29.04.2015 15:08:54,785] [main] INFO  org.jgap.gp.impl.GPGenotype  - Evolving generation 1080, memory free: 172.4 MB
[29.04.2015 15:08:54,789] [main] INFO  org.jgap.gp.impl.GPGenotype  - Evolving generation 1081, memory free: 171.5 MB
[29.04.2015 15:08:54,793] [main] INFO  org.jgap.gp.impl.GPGenotype  - Evolving generation 1082, memory free: 169.7 MB
[29.04.2015 15:08:54,797] [main] INFO  org.jgap.gp.impl.GPGenotype  - Evolving generation 1083, memory free: 211.4 MB
[29.04.2015 15:08:54,800] [main] INFO  org.jgap.gp.impl.GPGenotype  - Evolving generation 1084, memory free: 211.4 MB
[29.04.2015 15:08:54,804] [main] INFO  org.jgap.gp.impl.GPGenotype  - Evolving generation 1085, memory free: 208.8 MB
[29.04.2015 15:08:54,808] [main] INFO  org.jgap.gp.impl.GPGenotype  - Evolving generation 1086, memory free: 207.0 MB
[29.04.2015 15:08:54,811] [main] INFO  org.jgap.gp.impl.GPGenotype  - Evolving generation 1087, memory free: 206.2 MB
[29.04.2015 15:08:54,815] [main] INFO  org.jgap.gp.impl.GPGenotype  - Evolving generation 1088, memory free: 205.3 MB
[29.04.2015 15:08:54,819] [main] INFO  org.jgap.gp.impl.GPGenotype  - Evolving generation 1089, memory free: 204.4 MB
[29.04.2015 15:08:54,824] [main] INFO  org.jgap.gp.impl.GPGenotype  - Evolving generation 1090, memory free: 201.8 MB
[29.04.2015 15:08:54,827] [main] INFO  org.jgap.gp.impl.GPGenotype  - Evolving generation 1091, memory free: 200.9 MB
[29.04.2015 15:08:54,832] [main] INFO  org.jgap.gp.impl.GPGenotype  - Evolving generation 1092, memory free: 199.1 MB
[29.04.2015 15:08:54,835] [main] INFO  org.jgap.gp.impl.GPGenotype  - Evolving generation 1093, memory free: 198.2 MB
[29.04.2015 15:08:54,839] [main] INFO  org.jgap.gp.impl.GPGenotype  - Evolving generation 1094, memory free: 197.4 MB
[29.04.2015 15:08:54,842] [main] INFO  org.jgap.gp.impl.GPGenotype  - Evolving generation 1095, memory free: 196.5 MB
[29.04.2015 15:08:54,846] [main] INFO  org.jgap.gp.impl.GPGenotype  - Evolving generation 1096, memory free: 195.6 MB
[29.04.2015 15:08:54,850] [main] INFO  org.jgap.gp.impl.GPGenotype  - Evolving generation 1097, memory free: 193.8 MB
[29.04.2015 15:08:54,853] [main] INFO  org.jgap.gp.impl.GPGenotype  - Evolving generation 1098, memory free: 192.1 MB
[29.04.2015 15:08:54,857] [main] INFO  org.jgap.gp.impl.GPGenotype  - Evolving generation 1099, memory free: 191.2 MB
[29.04.2015 15:08:54,861] [main] INFO  org.jgap.gp.impl.GPGenotype  - Evolving generation 1100, memory free: 189.4 MB
[29.04.2015 15:08:54,864] [main] INFO  org.jgap.gp.impl.GPGenotype  - Evolving generation 1101, memory free: 188.6 MB
[29.04.2015 15:08:54,868] [main] INFO  org.jgap.gp.impl.GPGenotype  - Evolving generation 1102, memory free: 187.7 MB
[29.04.2015 15:08:54,870] [main] INFO  org.jgap.gp.impl.GPGenotype  - Evolving generation 1103, memory free: 185.9 MB
[29.04.2015 15:08:54,874] [main] INFO  org.jgap.gp.impl.GPGenotype  - Evolving generation 1104, memory free: 185.0 MB
[29.04.2015 15:08:54,878] [main] INFO  org.jgap.gp.impl.GPGenotype  - Evolving generation 1105, memory free: 184.2 MB
[29.04.2015 15:08:54,882] [main] INFO  org.jgap.gp.impl.GPGenotype  - Evolving generation 1106, memory free: 182.4 MB
[29.04.2015 15:08:54,886] [main] INFO  org.jgap.gp.impl.GPGenotype  - Evolving generation 1107, memory free: 181.5 MB
[29.04.2015 15:08:54,891] [main] INFO  org.jgap.gp.impl.GPGenotype  - Evolving generation 1108, memory free: 179.8 MB
[29.04.2015 15:08:54,894] [main] INFO  org.jgap.gp.impl.GPGenotype  - Evolving generation 1109, memory free: 178.9 MB
[29.04.2015 15:08:54,898] [main] INFO  org.jgap.gp.impl.GPGenotype  - Evolving generation 1110, memory free: 178.0 MB
[29.04.2015 15:08:54,901] [main] INFO  org.jgap.gp.impl.GPGenotype  - Best solution fitness: 9.52
[29.04.2015 15:08:54,901] [main] INFO  org.jgap.gp.impl.GPGenotype  - Best solution: ((X + ((X * ((((X * X) - X) - X) * X)) - X)) + (X * X)) + (((X * X) + ((5.2610817 / 4.4030757) - X)) / 3.822222)
[29.04.2015 15:08:54,901] [main] INFO  org.jgap.gp.impl.GPGenotype  - Depth of chrom: 9
[29.04.2015 15:08:54,901] [main] INFO  org.jgap.gp.impl.GPGenotype  - Evolving generation 1111, memory free: 176.2 MB
[29.04.2015 15:08:54,904] [main] INFO  org.jgap.gp.impl.GPGenotype  - Evolving generation 1112, memory free: 175.4 MB
[29.04.2015 15:08:54,908] [main] INFO  org.jgap.gp.impl.GPGenotype  - Evolving generation 1113, memory free: 174.5 MB
[29.04.2015 15:08:54,912] [main] INFO  org.jgap.gp.impl.GPGenotype  - Evolving generation 1114, memory free: 173.6 MB
[29.04.2015 15:08:54,915] [main] INFO  org.jgap.gp.impl.GPGenotype  - Evolving generation 1115, memory free: 172.7 MB
[29.04.2015 15:08:54,918] [main] INFO  org.jgap.gp.impl.GPGenotype  - Evolving generation 1116, memory free: 171.8 MB
[29.04.2015 15:08:54,922] [main] INFO  org.jgap.gp.impl.GPGenotype  - Best solution fitness: 8.00
[29.04.2015 15:08:54,922] [main] INFO  org.jgap.gp.impl.GPGenotype  - Best solution: ((X + ((X * ((((X * X) - X) - X) * X)) - X)) + (X * X)) + (((log 4.509529) + ((log 4.509529) - X)) / 3.822222)
[29.04.2015 15:08:54,922] [main] INFO  org.jgap.gp.impl.GPGenotype  - Depth of chrom: 9
[29.04.2015 15:08:54,922] [main] INFO  org.jgap.gp.impl.GPGenotype  - Evolving generation 1117, memory free: 171.0 MB
[29.04.2015 15:08:54,926] [main] INFO  org.jgap.gp.impl.GPGenotype  - Evolving generation 1118, memory free: 170.1 MB
[29.04.2015 15:08:54,930] [main] INFO  org.jgap.gp.impl.GPGenotype  - Best solution fitness: 3.89
[29.04.2015 15:08:54,930] [main] INFO  org.jgap.gp.impl.GPGenotype  - Best solution: ((X + ((X * ((((X * X) - X) - X) * X)) - X)) + (X * X)) + (5.2610817 / 4.4030757)
[29.04.2015 15:08:54,931] [main] INFO  org.jgap.gp.impl.GPGenotype  - Depth of chrom: 9
[29.04.2015 15:08:54,931] [main] INFO  org.jgap.gp.impl.GPGenotype  - Evolving generation 1119, memory free: 212.3 MB
[29.04.2015 15:08:54,934] [main] INFO  org.jgap.gp.impl.GPGenotype  - Evolving generation 1120, memory free: 211.4 MB
[29.04.2015 15:08:54,937] [main] INFO  org.jgap.gp.impl.GPGenotype  - Evolving generation 1121, memory free: 210.5 MB
[29.04.2015 15:08:54,940] [main] INFO  org.jgap.gp.impl.GPGenotype  - Evolving generation 1122, memory free: 209.7 MB
[29.04.2015 15:08:54,943] [main] INFO  org.jgap.gp.impl.GPGenotype  - Evolving generation 1123, memory free: 208.8 MB
[29.04.2015 15:08:54,946] [main] INFO  org.jgap.gp.impl.GPGenotype  - Evolving generation 1124, memory free: 207.9 MB
[29.04.2015 15:08:54,948] [main] INFO  org.jgap.gp.impl.GPGenotype  - Evolving generation 1125, memory free: 207.9 MB
[29.04.2015 15:08:54,949] [main] INFO  org.jgap.gp.impl.GPGenotype  - Evolving generation 1126, memory free: 207.1 MB
[29.04.2015 15:08:54,952] [main] INFO  org.jgap.gp.impl.GPGenotype  - Best solution fitness: 3.03
[29.04.2015 15:08:54,952] [main] INFO  org.jgap.gp.impl.GPGenotype  - Best solution: ((X + ((X * ((((X * X) - X) - X) * X)) - X)) + (X * X)) + (4.4030757 / 3.822222)
[29.04.2015 15:08:54,952] [main] INFO  org.jgap.gp.impl.GPGenotype  - Depth of chrom: 9
[29.04.2015 15:08:54,953] [main] INFO  org.jgap.gp.impl.GPGenotype  - Evolving generation 1127, memory free: 206.2 MB
[29.04.2015 15:08:54,956] [main] INFO  org.jgap.gp.impl.GPGenotype  - Evolving generation 1128, memory free: 205.3 MB
[29.04.2015 15:08:54,957] [main] INFO  org.jgap.gp.impl.GPGenotype  - Evolving generation 1129, memory free: 204.4 MB
[29.04.2015 15:08:54,960] [main] INFO  org.jgap.gp.impl.GPGenotype  - Evolving generation 1130, memory free: 204.4 MB
[29.04.2015 15:08:54,963] [main] INFO  org.jgap.gp.impl.GPGenotype  - Evolving generation 1131, memory free: 203.6 MB
[29.04.2015 15:08:54,965] [main] INFO  org.jgap.gp.impl.GPGenotype  - Evolving generation 1132, memory free: 202.7 MB
[29.04.2015 15:08:54,968] [main] INFO  org.jgap.gp.impl.GPGenotype  - Best solution fitness: 0.0
[29.04.2015 15:08:54,968] [main] INFO  org.jgap.gp.impl.GPGenotype  - Best solution: ((X + (8.257721 / 8.257721)) + (X * X)) + ((X * ((((X * X) - X) - X) * X)) - X)
[29.04.2015 15:08:54,968] [main] INFO  org.jgap.gp.impl.GPGenotype  - Depth of chrom: 7
[29.04.2015 15:08:54,969] [main] INFO  org.jgap.gp.impl.GPGenotype  - Best solution fitness: 0.0
[29.04.2015 15:08:54,969] [main] INFO  org.jgap.gp.impl.GPGenotype  - Best solution: ((X + (8.257721 / 8.257721)) + (X * X)) + ((X * ((((X * X) - X) - X) * X)) - X)
[29.04.2015 15:08:54,969] [main] INFO  org.jgap.gp.impl.GPGenotype  - Depth of chrom: 7
